<?xml version="1.0" encoding="UTF-8"?>
<!-- Generated by org.testng.reporters.JUnitXMLReporter -->
<testsuite ignored="0" hostname="LAPTOP-K96UHEOH" failures="0" tests="4" name="Test" time="61.456" errors="0" timestamp="2024-03-26T19:48:05 IST">
  <testcase classname="testCases.TC001_AccountRegistrationTest" name="verify_account_registration" time="4.533"/>
  <testcase classname="testCases.TC002_LoginTest" name="verify_login" time="1.961"/>
  <testcase classname="testCases.TC005_AddToCartPageTest" name="verify_addToCart" time="2.208"/>
  <testcase classname="testCases.TC006_EndToEndTest" name="endToendTest" time="40.935"/>
</testsuite> <!-- Test -->
