<?xml version="1.0" encoding="UTF-8"?>
<!-- Generated by org.testng.reporters.JUnitXMLReporter -->
<testsuite ignored="0" hostname="LAPTOP-K96UHEOH" failures="0" tests="5" name="Test" time="64.969" errors="0" timestamp="2024-03-23T14:39:07 IST">
  <testcase classname="testCases.TC001_AccountRegistrationTest" name="verify_account_registration" time="4.349"/>
  <testcase classname="testCases.TC002_LoginTest" name="verify_login" time="1.953"/>
  <testcase classname="testCases.TC004_SearchProductTest" name="verify_pruductSearch" time="1.323"/>
  <testcase classname="testCases.TC005_AddToCartPageTest" name="verify_addToCart" time="1.577"/>
  <testcase classname="testCases.TC006_EndToEndTest" name="endToendTest" time="41.098"/>
</testsuite> <!-- Test -->
