<?xml version="1.0" encoding="UTF-8"?>
<!-- Generated by org.testng.reporters.JUnitXMLReporter -->
<testsuite ignored="0" hostname="LAPTOP-K96UHEOH" failures="0" tests="4" name="Test" time="62.244" errors="0" timestamp="2024-03-26T19:49:36 IST">
  <testcase classname="testCases.TC001_AccountRegistrationTest" name="verify_account_registration" time="4.113"/>
  <testcase classname="testCases.TC002_LoginTest" name="verify_login" time="1.91"/>
  <testcase classname="testCases.TC005_AddToCartPageTest" name="verify_addToCart" time="2.065"/>
  <testcase classname="testCases.TC006_EndToEndTest" name="endToendTest" time="41.158"/>
</testsuite> <!-- Test -->
