<?xml version="1.0" encoding="UTF-8"?>
<!-- Generated by org.testng.reporters.JUnitXMLReporter -->
<testsuite ignored="0" hostname="LAPTOP-K96UHEOH" failures="0" tests="5" name="Test" time="64.819" errors="0" timestamp="2024-03-23T14:47:45 IST">
  <testcase classname="testCases.TC001_AccountRegistrationTest" name="verify_account_registration" time="3.799"/>
  <testcase classname="testCases.TC002_LoginTest" name="verify_login" time="1.971"/>
  <testcase classname="testCases.TC004_SearchProductTest" name="verify_pruductSearch" time="1.31"/>
  <testcase classname="testCases.TC005_AddToCartPageTest" name="verify_addToCart" time="1.659"/>
  <testcase classname="testCases.TC006_EndToEndTest" name="endToendTest" time="41.511"/>
</testsuite> <!-- Test -->
