<?xml version="1.0" encoding="UTF-8"?>
<testng-results ignored="0" total="5" passed="5" failed="0" skipped="0">
  <reporter-output>
  </reporter-output>
  <suite started-at="2024-03-23T14:46:40 IST" name="Suite" finished-at="2024-03-23T14:47:45 IST" duration-ms="64819">
    <groups>
      <group name="regression">
        <method signature="TC001_AccountRegistrationTest.verify_account_registration()[pri:0, instance:testCases.TC001_AccountRegistrationTest@595b007d]" name="verify_account_registration" class="testCases.TC001_AccountRegistrationTest"/>
      </group> <!-- regression -->
      <group name="sanity">
        <method signature="TC002_LoginTest.verify_login()[pri:0, instance:testCases.TC002_LoginTest@7e07db1f]" name="verify_login" class="testCases.TC002_LoginTest"/>
      </group> <!-- sanity -->
      <group name="master">
        <method signature="TC001_AccountRegistrationTest.verify_account_registration()[pri:0, instance:testCases.TC001_AccountRegistrationTest@595b007d]" name="verify_account_registration" class="testCases.TC001_AccountRegistrationTest"/>
        <method signature="TC002_LoginTest.verify_login()[pri:0, instance:testCases.TC002_LoginTest@7e07db1f]" name="verify_login" class="testCases.TC002_LoginTest"/>
        <method signature="TC004_SearchProductTest.verify_pruductSearch()[pri:0, instance:testCases.TC004_SearchProductTest@1189dd52]" name="verify_pruductSearch" class="testCases.TC004_SearchProductTest"/>
        <method signature="TC005_AddToCartPageTest.verify_addToCart()[pri:0, instance:testCases.TC005_AddToCartPageTest@36bc55de]" name="verify_addToCart" class="testCases.TC005_AddToCartPageTest"/>
        <method signature="TC006_EndToEndTest.endToendTest()[pri:0, instance:testCases.TC006_EndToEndTest@564fabc8]" name="endToendTest" class="testCases.TC006_EndToEndTest"/>
      </group> <!-- master -->
    </groups>
    <test started-at="2024-03-23T14:46:40 IST" name="Test" finished-at="2024-03-23T14:47:45 IST" duration-ms="64819">
      <class name="testCases.TC005_AddToCartPageTest">
        <test-method is-config="true" signature="setup(java.lang.String,java.lang.String)[pri:0, instance:testCases.TC005_AddToCartPageTest@36bc55de]" started-at="2024-03-23T14:46:56 IST" name="setup" finished-at="2024-03-23T14:46:59 IST" duration-ms="2455" status="PASS">
          <params>
            <param index="0">
              <value>
                <![CDATA[Windows]]>
              </value>
            </param>
            <param index="1">
              <value>
                <![CDATA[chrome]]>
              </value>
            </param>
          </params>
          <reporter-output>
          </reporter-output>
        </test-method> <!-- setup -->
        <test-method signature="verify_addToCart()[pri:0, instance:testCases.TC005_AddToCartPageTest@36bc55de]" started-at="2024-03-23T14:46:59 IST" name="verify_addToCart" finished-at="2024-03-23T14:47:00 IST" duration-ms="1659" status="PASS">
          <reporter-output>
          </reporter-output>
        </test-method> <!-- verify_addToCart -->
        <test-method is-config="true" signature="tearDown()[pri:0, instance:testCases.TC005_AddToCartPageTest@36bc55de]" started-at="2024-03-23T14:47:00 IST" name="tearDown" finished-at="2024-03-23T14:47:01 IST" duration-ms="181" status="PASS">
          <reporter-output>
          </reporter-output>
        </test-method> <!-- tearDown -->
      </class> <!-- testCases.TC005_AddToCartPageTest -->
      <class name="testCases.TC004_SearchProductTest">
        <test-method is-config="true" signature="setup(java.lang.String,java.lang.String)[pri:0, instance:testCases.TC004_SearchProductTest@1189dd52]" started-at="2024-03-23T14:46:52 IST" name="setup" finished-at="2024-03-23T14:46:55 IST" duration-ms="2434" status="PASS">
          <params>
            <param index="0">
              <value>
                <![CDATA[Windows]]>
              </value>
            </param>
            <param index="1">
              <value>
                <![CDATA[chrome]]>
              </value>
            </param>
          </params>
          <reporter-output>
          </reporter-output>
        </test-method> <!-- setup -->
        <test-method signature="verify_pruductSearch()[pri:0, instance:testCases.TC004_SearchProductTest@1189dd52]" started-at="2024-03-23T14:46:55 IST" name="verify_pruductSearch" finished-at="2024-03-23T14:46:56 IST" duration-ms="1310" status="PASS">
          <reporter-output>
          </reporter-output>
        </test-method> <!-- verify_pruductSearch -->
        <test-method is-config="true" signature="tearDown()[pri:0, instance:testCases.TC004_SearchProductTest@1189dd52]" started-at="2024-03-23T14:46:56 IST" name="tearDown" finished-at="2024-03-23T14:46:56 IST" duration-ms="239" status="PASS">
          <reporter-output>
          </reporter-output>
        </test-method> <!-- tearDown -->
      </class> <!-- testCases.TC004_SearchProductTest -->
      <class name="testCases.TC006_EndToEndTest">
        <test-method is-config="true" signature="setup(java.lang.String,java.lang.String)[pri:0, instance:testCases.TC006_EndToEndTest@564fabc8]" started-at="2024-03-23T14:47:01 IST" name="setup" finished-at="2024-03-23T14:47:03 IST" duration-ms="2304" status="PASS">
          <params>
            <param index="0">
              <value>
                <![CDATA[Windows]]>
              </value>
            </param>
            <param index="1">
              <value>
                <![CDATA[chrome]]>
              </value>
            </param>
          </params>
          <reporter-output>
          </reporter-output>
        </test-method> <!-- setup -->
        <test-method signature="endToendTest()[pri:0, instance:testCases.TC006_EndToEndTest@564fabc8]" started-at="2024-03-23T14:47:03 IST" name="endToendTest" finished-at="2024-03-23T14:47:44 IST" duration-ms="41511" status="PASS">
          <reporter-output>
          </reporter-output>
        </test-method> <!-- endToendTest -->
        <test-method is-config="true" signature="tearDown()[pri:0, instance:testCases.TC006_EndToEndTest@564fabc8]" started-at="2024-03-23T14:47:44 IST" name="tearDown" finished-at="2024-03-23T14:47:45 IST" duration-ms="333" status="PASS">
          <reporter-output>
          </reporter-output>
        </test-method> <!-- tearDown -->
      </class> <!-- testCases.TC006_EndToEndTest -->
      <class name="testCases.TC002_LoginTest">
        <test-method is-config="true" signature="setup(java.lang.String,java.lang.String)[pri:0, instance:testCases.TC002_LoginTest@7e07db1f]" started-at="2024-03-23T14:46:48 IST" name="setup" finished-at="2024-03-23T14:46:50 IST" duration-ms="2494" status="PASS">
          <params>
            <param index="0">
              <value>
                <![CDATA[Windows]]>
              </value>
            </param>
            <param index="1">
              <value>
                <![CDATA[chrome]]>
              </value>
            </param>
          </params>
          <reporter-output>
          </reporter-output>
        </test-method> <!-- setup -->
        <test-method signature="verify_login()[pri:0, instance:testCases.TC002_LoginTest@7e07db1f]" started-at="2024-03-23T14:46:50 IST" name="verify_login" finished-at="2024-03-23T14:46:52 IST" duration-ms="1971" status="PASS">
          <reporter-output>
          </reporter-output>
        </test-method> <!-- verify_login -->
        <test-method is-config="true" signature="tearDown()[pri:0, instance:testCases.TC002_LoginTest@7e07db1f]" started-at="2024-03-23T14:46:52 IST" name="tearDown" finished-at="2024-03-23T14:46:52 IST" duration-ms="190" status="PASS">
          <reporter-output>
          </reporter-output>
        </test-method> <!-- tearDown -->
      </class> <!-- testCases.TC002_LoginTest -->
      <class name="testCases.TC001_AccountRegistrationTest">
        <test-method is-config="true" signature="setup(java.lang.String,java.lang.String)[pri:0, instance:testCases.TC001_AccountRegistrationTest@595b007d]" started-at="2024-03-23T14:46:40 IST" name="setup" finished-at="2024-03-23T14:46:44 IST" duration-ms="3674" status="PASS">
          <params>
            <param index="0">
              <value>
                <![CDATA[Windows]]>
              </value>
            </param>
            <param index="1">
              <value>
                <![CDATA[chrome]]>
              </value>
            </param>
          </params>
          <reporter-output>
          </reporter-output>
        </test-method> <!-- setup -->
        <test-method signature="verify_account_registration()[pri:0, instance:testCases.TC001_AccountRegistrationTest@595b007d]" started-at="2024-03-23T14:46:44 IST" name="verify_account_registration" finished-at="2024-03-23T14:46:47 IST" duration-ms="3799" status="PASS">
          <reporter-output>
          </reporter-output>
        </test-method> <!-- verify_account_registration -->
        <test-method is-config="true" signature="tearDown()[pri:0, instance:testCases.TC001_AccountRegistrationTest@595b007d]" started-at="2024-03-23T14:46:47 IST" name="tearDown" finished-at="2024-03-23T14:46:48 IST" duration-ms="218" status="PASS">
          <reporter-output>
          </reporter-output>
        </test-method> <!-- tearDown -->
      </class> <!-- testCases.TC001_AccountRegistrationTest -->
    </test> <!-- Test -->
  </suite> <!-- Suite -->
</testng-results>
